TN:
SF:src/models/data-collection.js
FN:9,(anonymous_0)
FN:13,(anonymous_1)
FN:22,(anonymous_2)
FN:27,(anonymous_3)
FN:31,(anonymous_4)
FNF:5
FNH:4
FNDA:2,(anonymous_0)
FNDA:8,(anonymous_1)
FNDA:2,(anonymous_2)
FNDA:2,(anonymous_3)
FNDA:0,(anonymous_4)
DA:10,2
DA:14,8
DA:15,2
DA:18,6
DA:23,2
DA:24,2
DA:28,2
DA:32,0
DA:37,1
LF:9
LH:8
BRDA:14,0,0,2
BRDA:14,0,1,6
BRF:2
BRH:2
end_of_record
TN:
SF:src/models/clothes/model.js
FNF:0
FNH:0
DA:4,1
DA:6,1
DA:12,1
DA:14,1
LF:4
LH:4
BRF:0
BRH:0
end_of_record
TN:
SF:src/models/food/model.js
FNF:0
FNH:0
DA:4,1
DA:6,1
DA:12,1
DA:14,1
LF:4
LH:4
BRF:0
BRH:0
end_of_record
